<?xml version="1.0" encoding="UTF-8"?>
<testng-results ignored="0" total="1" passed="1" failed="0" skipped="0">
  <reporter-output>
  </reporter-output>
  <suite started-at="2025-06-12T18:46:36 EDT" name="Default suite" finished-at="2025-06-12T18:46:42 EDT" duration-ms="6014">
    <groups>
    </groups>
    <test started-at="2025-06-12T18:46:36 EDT" name="Default test" finished-at="2025-06-12T18:46:42 EDT" duration-ms="6014">
      <class name="Chris_FinalExam_Project2.Chris_FinalExam_Project2.E_Part1">
        <test-method is-config="true" signature="initializer()[pri:0, instance:Chris_FinalExam_Project2.Chris_FinalExam_Project2.E_Part1@50d13246]" started-at="2025-06-12T18:46:36 EDT" name="initializer" finished-at="2025-06-12T18:46:36 EDT" duration-ms="206" status="PASS">
          <reporter-output>
          </reporter-output>
        </test-method> <!-- initializer -->
        <test-method is-config="true" signature="setUp()[pri:0, instance:Chris_FinalExam_Project2.Chris_FinalExam_Project2.E_Part1@50d13246]" started-at="2025-06-12T18:46:36 EDT" name="setUp" finished-at="2025-06-12T18:46:38 EDT" duration-ms="2211" status="PASS">
          <reporter-output>
          </reporter-output>
        </test-method> <!-- setUp -->
        <test-method signature="testBondsTables()[pri:0, instance:Chris_FinalExam_Project2.Chris_FinalExam_Project2.E_Part1@50d13246]" started-at="2025-06-12T18:46:38 EDT" name="testBondsTables" finished-at="2025-06-12T18:46:41 EDT" duration-ms="2889" status="PASS">
          <reporter-output>
          </reporter-output>
        </test-method> <!-- testBondsTables -->
        <test-method is-config="true" signature="afterEachTest(org.testng.ITestResult)[pri:0, instance:Chris_FinalExam_Project2.Chris_FinalExam_Project2.E_Part1@50d13246]" started-at="2025-06-12T18:46:41 EDT" name="afterEachTest" finished-at="2025-06-12T18:46:42 EDT" duration-ms="260" status="PASS">
          <params>
            <param index="0">
              <value>
                <![CDATA[[TestResult name=testBondsTables status=SUCCESS method=E_Part1.testBondsTables()[pri:0, instance:Chris_FinalExam_Project2.Chris_FinalExam_Project2.E_Part1@50d13246] output={null}]]]>
              </value>
            </param>
          </params>
          <reporter-output>
          </reporter-output>
        </test-method> <!-- afterEachTest -->
        <test-method is-config="true" signature="tearDown()[pri:0, instance:Chris_FinalExam_Project2.Chris_FinalExam_Project2.E_Part1@50d13246]" started-at="2025-06-12T18:46:42 EDT" name="tearDown" finished-at="2025-06-12T18:46:42 EDT" duration-ms="400" status="PASS">
          <reporter-output>
          </reporter-output>
        </test-method> <!-- tearDown -->
      </class> <!-- Chris_FinalExam_Project2.Chris_FinalExam_Project2.E_Part1 -->
    </test> <!-- Default test -->
  </suite> <!-- Default suite -->
</testng-results>
